[ODBC][79210][1725634580.330869][__handles.c][493]
		Exit:[SQL_SUCCESS]
			Environment = 0x7f83b3837200
[ODBC][79210][1725634580.331057][SQLSetEnvAttr.c][192]
		Entry:
			Environment = 0x7f83b3837200
			Attribute = SQL_ATTR_ODBC_VERSION
			Value = 0x3
			StrLen = -5
[ODBC][79210][1725634580.331221][SQLSetEnvAttr.c][384]
		Exit:[SQL_SUCCESS]
[ODBC][79210][1725634580.338964][SQLAllocHandle.c][469]
		Entry:
			Handle Type = 2
			Input Handle = 0x7f83b3837200
[ODBC][79210][1725634580.339046][SQLAllocHandle.c][585]
		Exit:[SQL_SUCCESS]
			Output Handle = 0x7f83b4013800
[ODBC][79210][1725634580.339198][SQLDriverConnect.c][751]
		Entry:
			Connection = 0x7f83b4013800
			Window Hdl = 0x0
			Str In = [DRIVER={CDataDriverxx}][length = 22 (SQL_NTS)]
			Str Out = 0x700008b7caa0
			Str Out Max = 2048
			Str Out Ptr = 0x0
			Completion = 0
		Threading Level set from Driver Entry in ODBCINST.INI 99 from '99'

		Threading Level set from [ODBC] Section in ODBCINST.INI 0 from '0'

		UNICODE Using encoding ASCII 'US-ASCII' and UNICODE 'UCS-2-INTERNAL'

[ODBC][79210][1725634580.771712][SQLDriverConnect.c][1810]
		Exit:[SQL_SUCCESS]
			Connection Out [[DRIVER={CDataDriverxx}][length = 22 (SQL_NTS)]]
[ODBC][79210][1725634580.771795][SQLGetInfo.c][236]
		Entry:
			Connection = 0x7f83b4013800
			Info Type = SQL_MAX_COLUMN_NAME_LEN (30)
			Info Value = 0x7f83b3034c28
			Buffer Length = 2
			StrLen = 0x0
[ODBC][79210][1725634580.772003][SQLGetInfo.c][236]
		Entry:
			Connection = 0x7f83b4013800
			Info Type = SQL_TXN_ISOLATION_OPTION (72)
			Info Value = 0x7f83b3034c30
			Buffer Length = 4
			StrLen = 0x0
[ODBC][79210][1725634580.772068][SQLGetInfo.c][236]
		Entry:
			Connection = 0x7f83b4013800
			Info Type = SQL_GETDATA_EXTENSIONS (81)
			Info Value = 0x700008b7eec0
			Buffer Length = 0
			StrLen = 0x0
[ODBC][79210][1725634580.772871][SQLAllocHandle.c][632]
		Entry:
			Handle Type = 3
			Input Handle = 0x7f83b4013800
[ODBC][79210][1725634580.777967][SQLAllocHandle.c][1177]
		Exit:[SQL_SUCCESS]
			Output Handle = 0x7f83b281f600
[ODBC][79210][1725634580.778072][SQLExecDirect.c][240]
		Entry:
			Statement = 0x7f83b281f600
			SQL = [SELECT Type FROM initdata_Sheet1][length = 32 (SQL_NTS)]
[ODBC][79210][1725634580.807705][SQLExecDirect.c][521]
		Exit:[SQL_ERROR]
		DIAG [H] C

